build/app/intermediates/manifest_merge_blame_file/release/manifest-merger-blame-release-report.txt
1<?xml version="1.0" encoding="utf-8"?>
2<manifest xmlns:android="http://schemas.android.com/apk/res/android"
3    package="com.example.graduation"
4    android:versionCode="1"
5    android:versionName="1.0.0" >
6
7    <uses-sdk
8        android:minSdkVersion="19"
8-->src/main/AndroidManifest.xml
9        android:targetSdkVersion="33" />
9-->src/main/AndroidManifest.xml
10
11    <uses-permission android:name="android.permission.INTERNET" />
11-->src/main/AndroidManifest.xml:3:9-71
11-->src/main/AndroidManifest.xml:3:26-68
12    <uses-permission android:name="android.permission.READ_EXTERNAL_STORAGE" />
12-->src/main/AndroidManifest.xml:4:1-76
12-->src/main/AndroidManifest.xml:4:18-73
13    <uses-permission android:name="android.permission.WRITE_EXTERNAL_STORAGE" />
13-->src/main/AndroidManifest.xml:5:1-77
13-->src/main/AndroidManifest.xml:5:18-74
14
15    <queries>
15-->[:flutter_inappwebview] AndroidManifest.xml:9:5-13:15
16        <intent>
16-->[:flutter_inappwebview] AndroidManifest.xml:10:9-12:18
17            <action android:name="android.support.customtabs.action.CustomTabsService" />
17-->[:flutter_inappwebview] AndroidManifest.xml:11:13-90
17-->[:flutter_inappwebview] AndroidManifest.xml:11:21-87
18        </intent>
19    </queries>
20
21    <permission
21-->[androidx.core:core:1.10.1] AndroidManifest.xml:22:5-24:47
22        android:name="com.example.graduation.DYNAMIC_RECEIVER_NOT_EXPORTED_PERMISSION"
22-->[androidx.core:core:1.10.1] AndroidManifest.xml:23:9-81
23        android:protectionLevel="signature" />
23-->[androidx.core:core:1.10.1] AndroidManifest.xml:24:9-44
24
25    <uses-permission android:name="com.example.graduation.DYNAMIC_RECEIVER_NOT_EXPORTED_PERMISSION" />
25-->[androidx.core:core:1.10.1] AndroidManifest.xml:26:5-97
25-->[androidx.core:core:1.10.1] AndroidManifest.xml:26:22-94
26
27    <application
28        android:name="android.app.Application"
28-->src/main/AndroidManifest.xml:8:9-42
29        android:appComponentFactory="androidx.core.app.CoreComponentFactory"
29-->[androidx.core:core:1.10.1] AndroidManifest.xml:28:18-86
30        android:icon="@mipmap/ic_launcher"
30-->src/main/AndroidManifest.xml:9:9-43
31        android:label="FlyGate" >
31-->src/main/AndroidManifest.xml:7:9-32
32        <provider
33            android:name="androidx.core.content.FileProvider"
33-->src/main/AndroidManifest.xml:11:3-52
34            android:authorities="com.example.graduation.file_provider"
34-->src/main/AndroidManifest.xml:12:3-55
35            android:grantUriPermissions="true"
35-->src/main/AndroidManifest.xml:13:3-37
36            android:requestLegacyExternalStorage="true" >
36-->src/main/AndroidManifest.xml:14:3-46
37            <meta-data
37-->src/main/AndroidManifest.xml:15:3-17:42
38                android:name="android.support.FILE_PROVIDER_PATHS"
38-->src/main/AndroidManifest.xml:16:5-55
39                android:resource="@xml/file_paths" />
39-->src/main/AndroidManifest.xml:17:5-39
40        </provider>
41
42        <activity
42-->src/main/AndroidManifest.xml:20:9-41:20
43            android:name="com.example.graduation.MainActivity"
43-->src/main/AndroidManifest.xml:21:13-41
44            android:configChanges="orientation|keyboardHidden|keyboard|screenSize|smallestScreenSize|locale|layoutDirection|fontScale|screenLayout|density|uiMode"
44-->src/main/AndroidManifest.xml:25:13-163
45            android:exported="true"
45-->src/main/AndroidManifest.xml:22:13-36
46            android:hardwareAccelerated="true"
46-->src/main/AndroidManifest.xml:26:13-47
47            android:launchMode="singleTop"
47-->src/main/AndroidManifest.xml:23:13-43
48            android:theme="@style/LaunchTheme"
48-->src/main/AndroidManifest.xml:24:13-47
49            android:windowSoftInputMode="adjustResize" >
49-->src/main/AndroidManifest.xml:27:13-55
50
51            <!--
52                 Specifies an Android theme to apply to this Activity as soon as
53                 the Android process has started. This theme is visible to the user
54                 while the Flutter UI initializes. After that, this theme continues
55                 to determine the Window background behind the Flutter UI.
56            -->
57            <meta-data
57-->src/main/AndroidManifest.xml:33:13-36:17
58                android:name="io.flutter.embedding.android.NormalTheme"
58-->src/main/AndroidManifest.xml:34:15-70
59                android:resource="@style/NormalTheme" />
59-->src/main/AndroidManifest.xml:35:15-52
60
61            <intent-filter>
61-->src/main/AndroidManifest.xml:37:13-40:29
62                <action android:name="android.intent.action.MAIN" />
62-->src/main/AndroidManifest.xml:38:17-68
62-->src/main/AndroidManifest.xml:38:25-66
63
64                <category android:name="android.intent.category.LAUNCHER" />
64-->src/main/AndroidManifest.xml:39:17-76
64-->src/main/AndroidManifest.xml:39:27-74
65            </intent-filter>
66        </activity>
67        <!--
68             Don't delete the meta-data below.
69             This is used by the Flutter tool to generate GeneratedPluginRegistrant.java
70        -->
71        <meta-data
71-->src/main/AndroidManifest.xml:44:9-46:33
72            android:name="flutterEmbedding"
72-->src/main/AndroidManifest.xml:45:13-44
73            android:value="2" />
73-->src/main/AndroidManifest.xml:46:13-30
74
75        <activity
75-->[:flutter_inappwebview] AndroidManifest.xml:16:9-20:47
76            android:name="com.pichillilorenzo.flutter_inappwebview.in_app_browser.InAppBrowserActivity"
76-->[:flutter_inappwebview] AndroidManifest.xml:17:13-104
77            android:configChanges="orientation|keyboardHidden|keyboard|screenSize|locale|layoutDirection|fontScale|screenLayout|density"
77-->[:flutter_inappwebview] AndroidManifest.xml:18:13-137
78            android:exported="false"
78-->[:flutter_inappwebview] AndroidManifest.xml:19:13-37
79            android:theme="@style/AppTheme" />
79-->[:flutter_inappwebview] AndroidManifest.xml:20:13-44
80        <activity
80-->[:flutter_inappwebview] AndroidManifest.xml:21:9-24:55
81            android:name="com.pichillilorenzo.flutter_inappwebview.chrome_custom_tabs.ChromeCustomTabsActivity"
81-->[:flutter_inappwebview] AndroidManifest.xml:22:13-112
82            android:exported="false"
82-->[:flutter_inappwebview] AndroidManifest.xml:23:13-37
83            android:theme="@style/ThemeTransparent" />
83-->[:flutter_inappwebview] AndroidManifest.xml:24:13-52
84        <activity
84-->[:flutter_inappwebview] AndroidManifest.xml:25:9-28:55
85            android:name="com.pichillilorenzo.flutter_inappwebview.chrome_custom_tabs.TrustedWebActivity"
85-->[:flutter_inappwebview] AndroidManifest.xml:26:13-106
86            android:exported="false"
86-->[:flutter_inappwebview] AndroidManifest.xml:27:13-37
87            android:theme="@style/ThemeTransparent" />
87-->[:flutter_inappwebview] AndroidManifest.xml:28:13-52
88        <activity
88-->[:flutter_inappwebview] AndroidManifest.xml:29:9-33:55
89            android:name="com.pichillilorenzo.flutter_inappwebview.chrome_custom_tabs.ChromeCustomTabsActivitySingleInstance"
89-->[:flutter_inappwebview] AndroidManifest.xml:30:13-126
90            android:exported="false"
90-->[:flutter_inappwebview] AndroidManifest.xml:31:13-37
91            android:launchMode="singleInstance"
91-->[:flutter_inappwebview] AndroidManifest.xml:32:13-48
92            android:theme="@style/ThemeTransparent" />
92-->[:flutter_inappwebview] AndroidManifest.xml:33:13-52
93        <activity
93-->[:flutter_inappwebview] AndroidManifest.xml:34:9-38:55
94            android:name="com.pichillilorenzo.flutter_inappwebview.chrome_custom_tabs.TrustedWebActivitySingleInstance"
94-->[:flutter_inappwebview] AndroidManifest.xml:35:13-120
95            android:exported="false"
95-->[:flutter_inappwebview] AndroidManifest.xml:36:13-37
96            android:launchMode="singleInstance"
96-->[:flutter_inappwebview] AndroidManifest.xml:37:13-48
97            android:theme="@style/ThemeTransparent" />
97-->[:flutter_inappwebview] AndroidManifest.xml:38:13-52
98
99        <receiver
99-->[:flutter_inappwebview] AndroidManifest.xml:40:9-43:40
100            android:name="com.pichillilorenzo.flutter_inappwebview.chrome_custom_tabs.ActionBroadcastReceiver"
100-->[:flutter_inappwebview] AndroidManifest.xml:41:13-111
101            android:enabled="true"
101-->[:flutter_inappwebview] AndroidManifest.xml:42:13-35
102            android:exported="false" />
102-->[:flutter_inappwebview] AndroidManifest.xml:43:13-37
103
104        <meta-data
104-->[:flutter_inappwebview] AndroidManifest.xml:45:9-47:36
105            android:name="io.flutter.embedded_views_preview"
105-->[:flutter_inappwebview] AndroidManifest.xml:46:13-61
106            android:value="true" />
106-->[:flutter_inappwebview] AndroidManifest.xml:47:13-33
107
108        <provider
108-->[:image_picker_android] AndroidManifest.xml:10:9-18:20
109            android:name="io.flutter.plugins.imagepicker.ImagePickerFileProvider"
109-->[:image_picker_android] AndroidManifest.xml:11:13-82
110            android:authorities="com.example.graduation.flutter.image_provider"
110-->[:image_picker_android] AndroidManifest.xml:12:13-74
111            android:exported="false"
111-->[:image_picker_android] AndroidManifest.xml:13:13-37
112            android:grantUriPermissions="true" >
112-->[:image_picker_android] AndroidManifest.xml:14:13-47
113            <meta-data
113-->src/main/AndroidManifest.xml:15:3-17:42
114                android:name="android.support.FILE_PROVIDER_PATHS"
114-->src/main/AndroidManifest.xml:16:5-55
115                android:resource="@xml/flutter_image_picker_file_paths" />
115-->src/main/AndroidManifest.xml:17:5-39
116        </provider>
117        <!--
118           Declares a provider which allows us to store files to share in
119           '.../caches/share_plus' and grant the receiving action access
120        -->
121        <provider
121-->[:share_plus] AndroidManifest.xml:15:9-23:20
122            android:name="dev.fluttercommunity.plus.share.ShareFileProvider"
122-->[:share_plus] AndroidManifest.xml:16:13-77
123            android:authorities="com.example.graduation.flutter.share_provider"
123-->[:share_plus] AndroidManifest.xml:17:13-74
124            android:exported="false"
124-->[:share_plus] AndroidManifest.xml:18:13-37
125            android:grantUriPermissions="true" >
125-->[:share_plus] AndroidManifest.xml:19:13-47
126            <meta-data
126-->src/main/AndroidManifest.xml:15:3-17:42
127                android:name="android.support.FILE_PROVIDER_PATHS"
127-->src/main/AndroidManifest.xml:16:5-55
128                android:resource="@xml/flutter_share_file_paths" />
128-->src/main/AndroidManifest.xml:17:5-39
129        </provider>
130        <!--
131           This manifest declared broadcast receiver allows us to use an explicit
132           Intent when creating a PendingItent to be informed of the user's choice
133        -->
134        <receiver
134-->[:share_plus] AndroidManifest.xml:28:9-34:20
135            android:name="dev.fluttercommunity.plus.share.SharePlusPendingIntent"
135-->[:share_plus] AndroidManifest.xml:29:13-82
136            android:exported="false" >
136-->[:share_plus] AndroidManifest.xml:30:13-37
137            <intent-filter>
137-->[:share_plus] AndroidManifest.xml:31:13-33:29
138                <action android:name="EXTRA_CHOSEN_COMPONENT" />
138-->[:share_plus] AndroidManifest.xml:32:17-65
138-->[:share_plus] AndroidManifest.xml:32:25-62
139            </intent-filter>
140        </receiver>
141
142        <provider
142-->[androidx.emoji2:emoji2:1.2.0] AndroidManifest.xml:24:9-32:20
143            android:name="androidx.startup.InitializationProvider"
143-->[androidx.emoji2:emoji2:1.2.0] AndroidManifest.xml:25:13-67
144            android:authorities="com.example.graduation.androidx-startup"
144-->[androidx.emoji2:emoji2:1.2.0] AndroidManifest.xml:26:13-68
145            android:exported="false" >
145-->[androidx.emoji2:emoji2:1.2.0] AndroidManifest.xml:27:13-37
146            <meta-data
146-->[androidx.emoji2:emoji2:1.2.0] AndroidManifest.xml:29:13-31:52
147                android:name="androidx.emoji2.text.EmojiCompatInitializer"
147-->[androidx.emoji2:emoji2:1.2.0] AndroidManifest.xml:30:17-75
148                android:value="androidx.startup" />
148-->[androidx.emoji2:emoji2:1.2.0] AndroidManifest.xml:31:17-49
149            <meta-data
149-->[androidx.lifecycle:lifecycle-process:2.6.1] AndroidManifest.xml:29:13-31:52
150                android:name="androidx.lifecycle.ProcessLifecycleInitializer"
150-->[androidx.lifecycle:lifecycle-process:2.6.1] AndroidManifest.xml:30:17-78
151                android:value="androidx.startup" />
151-->[androidx.lifecycle:lifecycle-process:2.6.1] AndroidManifest.xml:31:17-49
152            <meta-data
152-->[androidx.profileinstaller:profileinstaller:1.3.0] AndroidManifest.xml:29:13-31:52
153                android:name="androidx.profileinstaller.ProfileInstallerInitializer"
153-->[androidx.profileinstaller:profileinstaller:1.3.0] AndroidManifest.xml:30:17-85
154                android:value="androidx.startup" />
154-->[androidx.profileinstaller:profileinstaller:1.3.0] AndroidManifest.xml:31:17-49
155        </provider>
156
157        <uses-library
157-->[androidx.window:window:1.0.0-beta04] AndroidManifest.xml:25:9-27:40
158            android:name="androidx.window.extensions"
158-->[androidx.window:window:1.0.0-beta04] AndroidManifest.xml:26:13-54
159            android:required="false" />
159-->[androidx.window:window:1.0.0-beta04] AndroidManifest.xml:27:13-37
160        <uses-library
160-->[androidx.window:window:1.0.0-beta04] AndroidManifest.xml:28:9-30:40
161            android:name="androidx.window.sidecar"
161-->[androidx.window:window:1.0.0-beta04] AndroidManifest.xml:29:13-51
162            android:required="false" />
162-->[androidx.window:window:1.0.0-beta04] AndroidManifest.xml:30:13-37
163
164        <receiver
164-->[androidx.profileinstaller:profileinstaller:1.3.0] AndroidManifest.xml:34:9-52:20
165            android:name="androidx.profileinstaller.ProfileInstallReceiver"
165-->[androidx.profileinstaller:profileinstaller:1.3.0] AndroidManifest.xml:35:13-76
166            android:directBootAware="false"
166-->[androidx.profileinstaller:profileinstaller:1.3.0] AndroidManifest.xml:36:13-44
167            android:enabled="true"
167-->[androidx.profileinstaller:profileinstaller:1.3.0] AndroidManifest.xml:37:13-35
168            android:exported="true"
168-->[androidx.profileinstaller:profileinstaller:1.3.0] AndroidManifest.xml:38:13-36
169            android:permission="android.permission.DUMP" >
169-->[androidx.profileinstaller:profileinstaller:1.3.0] AndroidManifest.xml:39:13-57
170            <intent-filter>
170-->[androidx.profileinstaller:profileinstaller:1.3.0] AndroidManifest.xml:40:13-42:29
171                <action android:name="androidx.profileinstaller.action.INSTALL_PROFILE" />
171-->[androidx.profileinstaller:profileinstaller:1.3.0] AndroidManifest.xml:41:17-91
171-->[androidx.profileinstaller:profileinstaller:1.3.0] AndroidManifest.xml:41:25-88
172            </intent-filter>
173            <intent-filter>
173-->[androidx.profileinstaller:profileinstaller:1.3.0] AndroidManifest.xml:43:13-45:29
174                <action android:name="androidx.profileinstaller.action.SKIP_FILE" />
174-->[androidx.profileinstaller:profileinstaller:1.3.0] AndroidManifest.xml:44:17-85
174-->[androidx.profileinstaller:profileinstaller:1.3.0] AndroidManifest.xml:44:25-82
175            </intent-filter>
176            <intent-filter>
176-->[androidx.profileinstaller:profileinstaller:1.3.0] AndroidManifest.xml:46:13-48:29
177                <action android:name="androidx.profileinstaller.action.SAVE_PROFILE" />
177-->[androidx.profileinstaller:profileinstaller:1.3.0] AndroidManifest.xml:47:17-88
177-->[androidx.profileinstaller:profileinstaller:1.3.0] AndroidManifest.xml:47:25-85
178            </intent-filter>
179            <intent-filter>
179-->[androidx.profileinstaller:profileinstaller:1.3.0] AndroidManifest.xml:49:13-51:29
180                <action android:name="androidx.profileinstaller.action.BENCHMARK_OPERATION" />
180-->[androidx.profileinstaller:profileinstaller:1.3.0] AndroidManifest.xml:50:17-95
180-->[androidx.profileinstaller:profileinstaller:1.3.0] AndroidManifest.xml:50:25-92
181            </intent-filter>
182        </receiver>
183    </application>
184
185</manifest>